<?xml version="1.0" encoding="UTF-8"?>
<testsuite name="dictionaryTest" tests="1" skipped="0" failures="0" errors="0" timestamp="2016-04-29T16:37:55" hostname="epicodus-54.local" time="0.001">
  <properties/>
  <testcase name="getDescription_thisWillPromptForWordEntry_true" classname="dictionaryTest" time="0.001"/>
  <system-out><![CDATA[]]></system-out>
  <system-err><![CDATA[]]></system-err>
</testsuite>
