<?xml version="1.0" encoding="UTF-8"?>
<testsuite name="DefinitionTest" tests="5" skipped="0" failures="0" errors="0" timestamp="2016-04-29T20:23:22" hostname="epicodus-54.local" time="0.003">
  <properties/>
  <testcase name="definition_instantiatesCorrectly_true" classname="DefinitionTest" time="0.002"/>
  <testcase name="all_returnsAllArrayObjectsOfDefinition_true" classname="DefinitionTest" time="0.0"/>
  <testcase name="getName_definitionInsantiatesWithName_Home" classname="DefinitionTest" time="0.0"/>
  <testcase name="clear_emptiesAllDefinitionFromList_0" classname="DefinitionTest" time="0.0"/>
  <testcase name="clear_definitionInstantiatesWithanId_1" classname="DefinitionTest" time="0.0"/>
  <system-out><![CDATA[]]></system-out>
  <system-err><![CDATA[]]></system-err>
</testsuite>
